<?xml version="1.0" encoding="UTF-8"?>
<!-- Generated by org.testng.reporters.JUnitReportReporter -->
<testsuite hostname="CarolMBP.local" failures="0" tests="1" name="demo.qa.Elements" time="11.720" errors="0" timestamp="2025-01-05T11:04:27 BOT" skipped="0">
  <testcase classname="demo.qa.Elements" name="testCheckBox" time="11.720"/>
</testsuite> <!-- demo.qa.Elements -->
