<?xml version="1.0" encoding="UTF-8"?>
<!-- Generated by org.testng.reporters.JUnitReportReporter -->
<testsuite hostname="CarolMBP.local" failures="0" tests="15" name="demo.qa.Elements" time="33.422" errors="0" timestamp="2025-01-16T13:13:08 BOT" skipped="0">
  <testcase classname="demo.qa.Elements" name="testWebTabletsAdd" time="1.645"/>
  <testcase classname="demo.qa.Elements" name="testWebTabletsAdd" time="1.653"/>
  <testcase classname="demo.qa.Elements" name="testWebTabletsAdd" time="1.669"/>
  <testcase classname="demo.qa.Elements" name="testWebTabletsEdit" time="9.335"/>
  <testcase classname="demo.qa.Elements" name="testWebTabletsAdd" time="1.839"/>
  <testcase classname="demo.qa.Elements" name="testWebTabletsAdd" time="1.637"/>
  <testcase classname="demo.qa.Elements" name="testWebTabletsAdd" time="2.230"/>
  <testcase classname="demo.qa.Elements" name="testWebTabletsAdd" time="1.766"/>
  <testcase classname="demo.qa.Elements" name="testWebTabletsAdd" time="1.653"/>
  <testcase classname="demo.qa.Elements" name="testWebTabletsAdd" time="1.735"/>
  <testcase classname="demo.qa.Elements" name="testWebTabletsAdd" time="1.641"/>
  <testcase classname="demo.qa.Elements" name="testWebTabletsAdd" time="1.666"/>
  <testcase classname="demo.qa.Elements" name="testWebTabletsAdd" time="1.670"/>
  <testcase classname="demo.qa.Elements" name="testWebTabletsAdd" time="1.648"/>
  <testcase classname="demo.qa.Elements" name="testWebTabletsAdd" time="1.635"/>
</testsuite> <!-- demo.qa.Elements -->
