<?xml version="1.0" encoding="UTF-8"?>
<!-- Generated by org.testng.reporters.JUnitReportReporter -->
<testsuite hostname="CarolMBP.local" failures="0" tests="14" name="demo.qa.Elements" time="66.190" errors="0" timestamp="2025-01-13T14:17:14 BOT" skipped="0">
  <testcase classname="demo.qa.Elements" name="testWebTabletsAdd" time="4.718"/>
  <testcase classname="demo.qa.Elements" name="testWebTabletsAdd" time="4.732"/>
  <testcase classname="demo.qa.Elements" name="testWebTabletsAdd" time="4.705"/>
  <testcase classname="demo.qa.Elements" name="testWebTabletsAdd" time="4.728"/>
  <testcase classname="demo.qa.Elements" name="testWebTabletsAdd" time="4.649"/>
  <testcase classname="demo.qa.Elements" name="testWebTabletsAdd" time="4.723"/>
  <testcase classname="demo.qa.Elements" name="testWebTabletsAdd" time="4.705"/>
  <testcase classname="demo.qa.Elements" name="testWebTabletsAdd" time="4.713"/>
  <testcase classname="demo.qa.Elements" name="testWebTabletsAdd" time="4.717"/>
  <testcase classname="demo.qa.Elements" name="testWebTabletsAdd" time="4.706"/>
  <testcase classname="demo.qa.Elements" name="testWebTabletsAdd" time="5.042"/>
  <testcase classname="demo.qa.Elements" name="testWebTabletsAdd" time="4.653"/>
  <testcase classname="demo.qa.Elements" name="testWebTabletsAdd" time="4.737"/>
  <testcase classname="demo.qa.Elements" name="testWebTabletsAdd" time="4.662"/>
</testsuite> <!-- demo.qa.Elements -->
